[debug] [2021-02-22T17:58:11.799Z] ----------------------------------------------------------------------
[debug] [2021-02-22T17:58:11.803Z] Command:       C:\Program Files\nodejs\node.exe C:\Users\user\AppData\Roaming\npm\node_modules\firebase-tools\lib\bin\firebase.js init
[debug] [2021-02-22T17:58:11.804Z] CLI Version:   9.4.0
[debug] [2021-02-22T17:58:11.804Z] Platform:      win32
[debug] [2021-02-22T17:58:11.804Z] Node Version:  v10.16.3
[debug] [2021-02-22T17:58:11.806Z] Time:          Mon Feb 22 2021 18:58:11 GMT+0100 (Central European Standard Time)
[debug] [2021-02-22T17:58:11.806Z] ----------------------------------------------------------------------
[debug] [2021-02-22T17:58:11.806Z] 
[debug] [2021-02-22T17:58:11.820Z] > command requires scopes: ["email","openid","https://www.googleapis.com/auth/cloudplatformprojects.readonly","https://www.googleapis.com/auth/firebase","https://www.googleapis.com/auth/cloud-platform"]
[debug] [2021-02-22T17:58:11.820Z] > authorizing via signed-in user
[info] 
     ######## #### ########  ######## ########     ###     ######  ########
     ##        ##  ##     ## ##       ##     ##  ##   ##  ##       ##
     ######    ##  ########  ######   ########  #########  ######  ######
     ##        ##  ##    ##  ##       ##     ## ##     ##       ## ##
     ##       #### ##     ## ######## ########  ##     ##  ######  ########

You're about to initialize a Firebase project in this directory:

  C:\Users\user\Desktop\Test_0.3\netflix\src

[info] 
=== Project Setup
[info] 
[info] First, let's associate this project directory with a Firebase project.
[info] You can create multiple project aliases by running firebase use --add, 
[info] but for now we'll just set up a default project.
[info] 
[debug] [2021-02-22T17:58:20.816Z] >>> [apiv2][query] GET https://firebase.googleapis.com/v1beta1/projects pageSize=100
[debug] [2021-02-22T17:58:22.351Z] <<< [apiv2][status] GET https://firebase.googleapis.com/v1beta1/projects 200
[debug] [2021-02-22T17:58:22.351Z] <<< [apiv2][body] GET https://firebase.googleapis.com/v1beta1/projects [omitted]
